{"label":"ValidationError","level":"error","logId":"2f8e1958-285a-45c1-8105-5f5fdef46d6b","message":"Users validation failed: phone: Path `phone` is required.","timestamp":"Wed, 11 Jun 2025 16:40:03 GMT"}
{"label":"ValidationError","level":"error","logId":"0f2819bf-798b-4422-aa03-876942f413fc","message":"Users validation failed: phone: Path `phone` is required.","timestamp":"Wed, 11 Jun 2025 16:40:09 GMT"}
{"label":"ValidationError","level":"error","logId":"7f0694d2-e86e-4846-a6f4-8db9764beefc","message":"Users validation failed: phone: Path `phone` is required.","timestamp":"Wed, 11 Jun 2025 16:42:17 GMT"}
{"label":"ValidationError","level":"error","logId":"3a70bd3f-4418-4434-9f8a-bf8273346012","message":"Users validation failed: phone: Path `phone` is required.","timestamp":"Wed, 11 Jun 2025 16:42:42 GMT"}
{"label":"ValidationError","level":"error","logId":"4735ddc5-f50e-42ea-b95b-8a2e7145f209","message":"Users validation failed: phone: Path `phone` is required.","timestamp":"Wed, 11 Jun 2025 16:42:47 GMT"}
{"label":"ValidationError","level":"error","logId":"12d9fb03-7411-4838-9ad7-fec8faf3032c","message":"Users validation failed: phone: Path `phone` is required.","timestamp":"Wed, 11 Jun 2025 16:45:43 GMT"}
{"label":"ValidationError","level":"error","logId":"f5cb7b4b-5311-470d-8c47-9ee9346ccaaa","message":"Users validation failed: phone: Path `phone` is required.","timestamp":"Wed, 11 Jun 2025 16:45:57 GMT"}
{"label":"ValidationError","level":"error","logId":"6e28eebe-22ba-400f-8691-e1d6ef953c1f","message":"Users validation failed: phone: Path `phone` is required.","timestamp":"Wed, 11 Jun 2025 16:46:37 GMT"}
{"label":"ValidationError","level":"error","logId":"7fdf1ad7-e676-4f2d-8482-9f44e9d56b77","message":"Users validation failed: phone: Path `phone` is required.","timestamp":"Wed, 11 Jun 2025 16:46:52 GMT"}
{"label":"ValidationError","level":"error","logId":"fc88a1b0-6e65-4eee-818a-bc7cd909596e","message":"Users validation failed: phone: Path `phone` is required.","timestamp":"Wed, 11 Jun 2025 16:46:54 GMT"}
{"label":"ValidationError","level":"error","logId":"db1ac5a0-6137-440d-804b-a1e45418f2a4","message":"Users validation failed: phone: Path `phone` is required.","timestamp":"Wed, 11 Jun 2025 16:48:24 GMT"}
{"label":"ValidationError","level":"error","logId":"c3978f89-4560-42e5-92ef-5921574d4f65","message":"Users validation failed: phone: Path `phone` is required.","timestamp":"Wed, 11 Jun 2025 16:49:08 GMT"}
{"label":"ValidationError","level":"error","logId":"61e1a73b-8b30-41e0-810b-304f20ac9f8e","message":"Users validation failed: phone: Path `phone` is required.","timestamp":"Wed, 11 Jun 2025 16:49:34 GMT"}
{"label":"ValidationError","level":"error","logId":"9d4f3e94-77ef-4669-9656-f12e40772c82","message":"Users validation failed: phone: Path `phone` is required.","timestamp":"Wed, 11 Jun 2025 16:49:47 GMT"}
{"label":"ValidationError","level":"error","logId":"b51cb73f-48b7-4593-96ea-c1d2265004a3","message":"Users validation failed: phone: Path `phone` is required.","timestamp":"Wed, 11 Jun 2025 16:50:08 GMT"}
{"label":"ReferenceError","level":"error","logId":"f21b8cdb-8dec-4e2a-8e4f-ca4b9cdd2360","message":"Cannot access 'savedNewUser' before initialization","timestamp":"Wed, 11 Jun 2025 16:50:20 GMT"}
{"label":"ValidationError","level":"error","logId":"41289b5b-1968-4910-8018-45968571ed01","message":"Users validation failed: phone: Path `phone` is required.","timestamp":"Wed, 11 Jun 2025 16:50:30 GMT"}
{"label":"ValidationError","level":"error","logId":"8d3d8c97-7f12-4e6c-a4cb-efacd752e9fd","message":"Users validation failed: phone: Path `phone` is required.","timestamp":"Wed, 11 Jun 2025 16:51:19 GMT"}
{"label":"ValidationError","level":"error","logId":"049f74e4-aaf5-484c-a910-66f1870d95a6","message":"Users validation failed: phone: Path `phone` is required.","timestamp":"Wed, 11 Jun 2025 16:53:13 GMT"}
{"label":"ValidationError","level":"error","logId":"fcdd56ce-109c-4f9d-8560-958d8afd96ed","message":"Users validation failed: phone: Path `phone` is required.","timestamp":"Wed, 11 Jun 2025 16:54:39 GMT"}
{"label":"ValidationError","level":"error","logId":"f69c3707-b5b0-4026-b344-ae66d9e01860","message":"Users validation failed: phone: Path `phone` is required.","timestamp":"Wed, 11 Jun 2025 17:00:14 GMT"}
{"label":"ValidationError","level":"error","logId":"de210962-0708-4803-9c71-d798d644e9be","message":"Users validation failed: phone: Path `phone` is required.","timestamp":"Wed, 11 Jun 2025 17:01:07 GMT"}
{"label":"ValidationError","level":"error","logId":"0ea9dfd7-3bdb-4f9c-88c8-bf48e96b8253","message":"Users validation failed: phone: Path `phone` is required.","timestamp":"Wed, 11 Jun 2025 17:01:28 GMT"}
{"label":"ValidationError","level":"error","logId":"1743581f-1587-4f54-837d-1fcb30eb64e3","message":"Users validation failed: phone: Path `phone` is required.","timestamp":"Wed, 11 Jun 2025 17:01:29 GMT"}
{"label":"ValidationError","level":"error","logId":"d6c0bbd3-012f-41ba-a8d3-8536bdfad2a9","message":"Users validation failed: phone: Path `phone` is required.","timestamp":"Wed, 11 Jun 2025 17:01:30 GMT"}
{"label":"ValidationError","level":"error","logId":"5ac82323-df30-4f98-b324-945c66dfbd1b","message":"Users validation failed: phone: Path `phone` is required.","timestamp":"Wed, 11 Jun 2025 17:01:31 GMT"}
{"label":"ValidationError","level":"error","logId":"25dff26f-0b66-44d4-98e8-db774bb479ca","message":"Users validation failed: phone: Path `phone` is required.","timestamp":"Wed, 11 Jun 2025 17:01:31 GMT"}
{"label":"ValidationError","level":"error","logId":"840d6af2-ed04-4b40-b2ac-87bf64c9a12d","message":"Users validation failed: phone: Path `phone` is required.","timestamp":"Wed, 11 Jun 2025 17:01:32 GMT"}
{"label":"ValidationError","level":"error","logId":"23a0a658-9106-4b04-8c31-32365d9ac8a4","message":"Users validation failed: phone: Path `phone` is required.","timestamp":"Wed, 11 Jun 2025 17:02:04 GMT"}
{"label":"ValidationError","level":"error","logId":"6a424628-6280-402d-b35e-71215312dfbe","message":"Users validation failed: phone: Path `phone` is required.","timestamp":"Wed, 11 Jun 2025 17:04:27 GMT"}
{"label":"ValidationError","level":"error","logId":"003b7319-216f-470e-9281-012ddf0d9c12","message":"Users validation failed: phone: Path `phone` is required.","timestamp":"Wed, 11 Jun 2025 17:11:06 GMT"}
{"label":"ValidationError","level":"error","logId":"0e71579a-4b65-479d-9f8e-d7afcf7e2865","message":"Users validation failed: phone: Path `phone` is required.","timestamp":"Wed, 11 Jun 2025 17:17:56 GMT"}
{"label":"MongoServerError","level":"error","logId":"3a95e9cf-ecfc-421c-ac17-345fa64164e3","message":"E11000 duplicate key error collection: test.users index: phone_1 dup key: { phone: \"9841032589\" }","timestamp":"Wed, 11 Jun 2025 17:37:42 GMT"}
{"label":"MongoServerError","level":"error","logId":"be84577f-e21a-42be-b461-2196e402b0a5","message":"E11000 duplicate key error collection: test.users index: phone_1 dup key: { phone: \"9841032589\" }","timestamp":"Wed, 11 Jun 2025 17:38:12 GMT"}
{"label":"MongoServerError","level":"error","logId":"410ab119-959b-41fa-ace9-2a91e9226970","message":"E11000 duplicate key error collection: test.users index: phone_1 dup key: { phone: \"9841032589\" }","timestamp":"Wed, 11 Jun 2025 17:38:12 GMT"}
{"label":"MongoServerError","level":"error","logId":"69291911-7b33-42f8-91e8-8b01ee72ecdc","message":"E11000 duplicate key error collection: test.users index: phone_1 dup key: { phone: \"9841032589\" }","timestamp":"Wed, 11 Jun 2025 17:38:16 GMT"}
{"label":"MongoServerError","level":"error","logId":"e2128b1f-3728-4cb5-9f7f-ef3669665ee4","message":"E11000 duplicate key error collection: test.users index: phone_1 dup key: { phone: \"9841032589\" }","timestamp":"Wed, 11 Jun 2025 17:38:20 GMT"}
{"label":"MongoServerError","level":"error","logId":"68e4576e-46da-4b52-aebf-bf3ab78e5bb0","message":"E11000 duplicate key error collection: test.users index: phone_1 dup key: { phone: \"9841032589\" }","timestamp":"Wed, 11 Jun 2025 17:39:54 GMT"}
{"label":"MongoServerError","level":"error","logId":"7187d326-4271-40b8-b31e-d42f7ccc2e11","message":"E11000 duplicate key error collection: test.users index: phone_1 dup key: { phone: \"9841032589\" }","timestamp":"Wed, 11 Jun 2025 17:41:23 GMT"}
{"label":"MongoServerError","level":"error","logId":"c5070823-f434-48e8-a46c-73bdd901d886","message":"E11000 duplicate key error collection: test.users index: phone_1 dup key: { phone: \"9841032589\" }","timestamp":"Wed, 11 Jun 2025 17:43:34 GMT"}
{"label":"MongoServerError","level":"error","logId":"17a59429-d263-49d2-9650-a94403f39cfc","message":"E11000 duplicate key error collection: test.users index: phone_1 dup key: { phone: \"9841032589\" }","timestamp":"Wed, 11 Jun 2025 17:44:49 GMT"}
{"label":"MongoServerError","level":"error","logId":"cd9f2956-9695-4469-9517-b0c47ec67740","message":"E11000 duplicate key error collection: test.users index: phone_1 dup key: { phone: \"9841032589\" }","timestamp":"Wed, 11 Jun 2025 17:45:12 GMT"}
{"label":"MongoServerError","level":"error","logId":"89abe4a7-b9f3-427e-b882-3a01b227c133","message":"E11000 duplicate key error collection: test.users index: phone_1 dup key: { phone: \"9841032589\" }","timestamp":"Wed, 11 Jun 2025 17:45:28 GMT"}
{"label":"MongoServerError","level":"error","logId":"5835361c-6dbf-4d8b-912d-745dbeee4cb9","message":"E11000 duplicate key error collection: test.users index: phone_1 dup key: { phone: \"9841032589\" }","timestamp":"Wed, 11 Jun 2025 17:45:41 GMT"}
{"label":"MongoServerError","level":"error","logId":"fd7c713c-31d6-4e86-9a91-1ccef64957b9","message":"E11000 duplicate key error collection: test.users index: phone_1 dup key: { phone: \"9841032589\" }","timestamp":"Wed, 11 Jun 2025 17:45:47 GMT"}
{"label":"MongoServerError","level":"error","logId":"d66acbed-ed4d-4564-b4ad-ed9377797192","message":"E11000 duplicate key error collection: test.users index: phone_1 dup key: { phone: \"9841032589\" }","timestamp":"Wed, 11 Jun 2025 17:46:02 GMT"}
{"label":"MongoServerError","level":"error","logId":"708c9b1b-9715-47a6-adfc-aa33bc5e2751","message":"E11000 duplicate key error collection: test.users index: phone_1 dup key: { phone: \"9841032589\" }","timestamp":"Wed, 11 Jun 2025 17:46:44 GMT"}
{"label":"MongoServerError","level":"error","logId":"304d4e71-c5c2-469e-8f1c-a59a2cd46085","message":"E11000 duplicate key error collection: test.users index: phone_1 dup key: { phone: \"9841032589\" }","timestamp":"Wed, 11 Jun 2025 17:46:59 GMT"}
{"label":"MongoServerError","level":"error","logId":"d23d2e1c-b05c-4a7c-8760-cb609360bf67","message":"E11000 duplicate key error collection: test.users index: phone_1 dup key: { phone: \"9841032589\" }","timestamp":"Wed, 11 Jun 2025 17:47:21 GMT"}
{"label":"MongoServerError","level":"error","logId":"4489f161-229a-4459-99dc-f616f6a5efc0","message":"E11000 duplicate key error collection: test.users index: phone_1 dup key: { phone: \"9841032589\" }","timestamp":"Wed, 11 Jun 2025 17:47:58 GMT"}
{"label":"MongoServerError","level":"error","logId":"1d735cd1-9396-4ef2-a938-aef234d98431","message":"E11000 duplicate key error collection: test.users index: phone_1 dup key: { phone: \"9841032589\" }","timestamp":"Wed, 11 Jun 2025 17:48:00 GMT"}
{"label":"MongoServerError","level":"error","logId":"4bcf6218-425d-43d0-a45f-1df5041676af","message":"E11000 duplicate key error collection: test.users index: phone_1 dup key: { phone: \"9841032589\" }","timestamp":"Wed, 11 Jun 2025 17:48:12 GMT"}
{"label":"MongoServerError","level":"error","logId":"f5286706-f3d2-4901-8092-bc13a7753ca8","message":"E11000 duplicate key error collection: test.users index: phone_1 dup key: { phone: \"9841032589\" }","timestamp":"Wed, 11 Jun 2025 17:48:16 GMT"}
{"label":"MongoServerError","level":"error","logId":"492eaf16-e4d3-49b4-82c8-0955ff33fa0a","message":"E11000 duplicate key error collection: test.users index: phone_1 dup key: { phone: \"9841032589\" }","timestamp":"Wed, 11 Jun 2025 17:48:35 GMT"}
{"label":"MongoServerError","level":"error","logId":"e5f09ff1-7733-41b2-8179-7c424dc5b25b","message":"E11000 duplicate key error collection: test.users index: phone_1 dup key: { phone: \"9841032589\" }","timestamp":"Wed, 11 Jun 2025 17:49:05 GMT"}
{"label":"MongoServerError","level":"error","logId":"058bc837-ed40-4b00-ba70-2b6bc4de8193","message":"E11000 duplicate key error collection: test.users index: phone_1 dup key: { phone: \"9841032589\" }","timestamp":"Wed, 11 Jun 2025 17:49:19 GMT"}
{"label":"MongoServerError","level":"error","logId":"c525af9e-d022-40ee-aec7-49db373d7208","message":"E11000 duplicate key error collection: test.users index: phone_1 dup key: { phone: \"9841032589\" }","timestamp":"Wed, 11 Jun 2025 17:50:23 GMT"}
{"label":"MongoServerError","level":"error","logId":"44ce6cad-9853-444a-811d-1045a9d73a78","message":"E11000 duplicate key error collection: test.users index: phone_1 dup key: { phone: \"9841032589\" }","timestamp":"Wed, 11 Jun 2025 17:53:46 GMT"}
{"label":"MongoServerError","level":"error","logId":"2218db59-e89a-48fc-85a2-be84bf2e98ca","message":"E11000 duplicate key error collection: test.users index: phone_1 dup key: { phone: \"9841032589\" }","timestamp":"Wed, 11 Jun 2025 17:53:57 GMT"}
{"label":"MongoServerError","level":"error","logId":"9111a923-a119-4269-8ea4-a1b20a94abd3","message":"E11000 duplicate key error collection: test.users index: phone_1 dup key: { phone: \"9841032589\" }","timestamp":"Wed, 11 Jun 2025 17:55:05 GMT"}
{"label":"MongoServerError","level":"error","logId":"321bc7cc-1cc3-4946-b224-38108365126b","message":"E11000 duplicate key error collection: test.users index: phone_1 dup key: { phone: \"9841032589\" }","timestamp":"Wed, 11 Jun 2025 17:55:12 GMT"}
{"label":"ReferenceError","level":"error","logId":"73cca93c-8d96-4251-9605-7fafb448a96c","message":"data is not defined","timestamp":"Wed, 11 Jun 2025 17:55:16 GMT"}
{"label":"ReferenceError","level":"error","logId":"49f42109-c8a4-424a-871a-3007a9c7b424","message":"data is not defined","timestamp":"Wed, 11 Jun 2025 17:56:10 GMT"}
{"label":"MongoServerError","level":"error","logId":"36e76bd8-5b8a-493f-becd-74b03f5c7253","message":"E11000 duplicate key error collection: test.users index: citizenshipNo_1 dup key: { citizenshipNo: \"123\" }","timestamp":"Wed, 11 Jun 2025 17:57:13 GMT"}
{"label":"MongoServerError","level":"error","logId":"ecfc606d-d292-4c0a-a062-b831f44ca314","message":"E11000 duplicate key error collection: test.users index: citizenshipNo_1 dup key: { citizenshipNo: \"123\" }","timestamp":"Wed, 11 Jun 2025 17:57:35 GMT"}
{"label":"MongoServerError","level":"error","logId":"db5644cb-ee81-4697-b96f-0792900d3ec2","message":"E11000 duplicate key error collection: test.users index: citizenshipNo_1 dup key: { citizenshipNo: \"123\" }","timestamp":"Wed, 11 Jun 2025 17:57:36 GMT"}
{"label":"MongoServerError","level":"error","logId":"e01a8239-a2a5-4276-ab33-12c73255eada","message":"E11000 duplicate key error collection: test.users index: citizenshipNo_1 dup key: { citizenshipNo: \"123\" }","timestamp":"Wed, 11 Jun 2025 17:57:39 GMT"}
{"label":"MongoServerError","level":"error","logId":"07aaa6df-5bb2-4431-89b3-d2008c9b581d","message":"E11000 duplicate key error collection: test.users index: citizenshipNo_1 dup key: { citizenshipNo: \"123\" }","timestamp":"Wed, 11 Jun 2025 17:57:41 GMT"}
{"label":"MongoServerError","level":"error","logId":"71cbdaec-3fc1-4825-9ecf-4eed1612d98d","message":"E11000 duplicate key error collection: test.users index: citizenshipNo_1 dup key: { citizenshipNo: \"123\" }","timestamp":"Wed, 11 Jun 2025 17:57:44 GMT"}
{"label":"MongoServerError","level":"error","logId":"4f4238bd-b5b9-4643-8259-1cd42f413af6","message":"E11000 duplicate key error collection: test.users index: citizenshipNo_1 dup key: { citizenshipNo: \"123\" }","timestamp":"Wed, 11 Jun 2025 17:58:01 GMT"}
{"label":"MongoServerError","level":"error","logId":"d384b455-49d2-42b3-96d5-54acaf348605","message":"E11000 duplicate key error collection: test.users index: citizenshipNo_1 dup key: { citizenshipNo: \"123\" }","timestamp":"Wed, 11 Jun 2025 17:58:29 GMT"}
{"label":"MongoServerError","level":"error","logId":"98f9ce75-31bd-4e81-9624-3dc8cf51ba13","message":"E11000 duplicate key error collection: test.users index: citizenshipNo_1 dup key: { citizenshipNo: \"123\" }","timestamp":"Wed, 11 Jun 2025 17:58:34 GMT"}
{"label":"MongoServerError","level":"error","logId":"611a4952-f918-4dd6-9622-0b20e8e72ae3","message":"E11000 duplicate key error collection: test.users index: citizenshipNo_1 dup key: { citizenshipNo: \"123\" }","timestamp":"Wed, 11 Jun 2025 17:58:37 GMT"}
{"label":"MongoServerError","level":"error","logId":"c8fd0f75-1296-42d9-913d-00b185a9242c","message":"E11000 duplicate key error collection: test.users index: phone_1 dup key: { phone: \"9841032589\" }","timestamp":"Wed, 11 Jun 2025 17:58:50 GMT"}
{"label":"MongoServerError","level":"error","logId":"6cb0efda-f8f8-4a33-a6bd-9cecaa02b5c2","message":"E11000 duplicate key error collection: test.users index: phone_1 dup key: { phone: \"984103259\" }","timestamp":"Wed, 11 Jun 2025 17:58:58 GMT"}
{"label":"MongoServerError","level":"error","logId":"ac36c362-bce4-4638-bd99-6beb85378c27","message":"E11000 duplicate key error collection: test.users index: citizenshipNo_1 dup key: { citizenshipNo: \"9841032589\" }","timestamp":"Wed, 11 Jun 2025 17:59:02 GMT"}
{"label":"MongoServerError","level":"error","logId":"b4fbe9bd-a3de-4fb2-ad71-f22d67fbcf18","message":"E11000 duplicate key error collection: test.users index: citizenshipNo_1 dup key: { citizenshipNo: \"9841032589\" }","timestamp":"Wed, 11 Jun 2025 17:59:07 GMT"}
{"label":"ReferenceError","level":"error","logId":"8a706064-16ab-4112-800e-99147cd5528c","message":"data is not defined","timestamp":"Wed, 11 Jun 2025 17:59:11 GMT"}
{"label":"MongoServerError","level":"error","logId":"939348e9-cd36-45e1-880e-c79adfe38cdf","message":"E11000 duplicate key error collection: test.users index: phone_1 dup key: { phone: \"98032509\" }","timestamp":"Wed, 11 Jun 2025 17:59:48 GMT"}
{"label":"MongoServerError","level":"error","logId":"cc495858-279e-47d1-bb14-82c639823b90","message":"E11000 duplicate key error collection: test.users index: phone_1 dup key: { phone: \"98032509\" }","timestamp":"Wed, 11 Jun 2025 18:00:05 GMT"}
{"label":"MongoServerError","level":"error","logId":"b8c5aa6b-9b2f-4e38-a91a-bf911dea1a9e","message":"E11000 duplicate key error collection: test.users index: phone_1 dup key: { phone: \"98032509\" }","timestamp":"Wed, 11 Jun 2025 18:00:11 GMT"}
{"label":"MongoServerError","level":"error","logId":"3a63cc99-8949-4cac-bf47-46d757d5d934","message":"E11000 duplicate key error collection: test.users index: phone_1 dup key: { phone: \"98032509\" }","timestamp":"Wed, 11 Jun 2025 18:00:20 GMT"}
{"label":"MongoServerError","level":"error","logId":"10fe058b-94a5-4df0-8dc0-c3373d43f25d","message":"E11000 duplicate key error collection: test.users index: phone_1 dup key: { phone: \"98032509\" }","timestamp":"Wed, 11 Jun 2025 18:00:21 GMT"}
{"label":"MongoServerError","level":"error","logId":"38e52884-c0ce-4816-9853-c3a7f672615a","message":"E11000 duplicate key error collection: test.users index: phone_1 dup key: { phone: \"98032509\" }","timestamp":"Wed, 11 Jun 2025 18:00:22 GMT"}
{"label":"MongoServerError","level":"error","logId":"f593e7dd-7aa9-4d4b-93e5-c05eb6f3feca","message":"E11000 duplicate key error collection: test.users index: phone_1 dup key: { phone: \"98032509\" }","timestamp":"Wed, 11 Jun 2025 18:00:22 GMT"}
{"label":"MongoServerError","level":"error","logId":"ad55fa7f-8f66-4e94-8fe5-a2bc8b7f918e","message":"E11000 duplicate key error collection: test.users index: phone_1 dup key: { phone: \"98032509\" }","timestamp":"Wed, 11 Jun 2025 18:02:18 GMT"}
{"label":"MongoServerError","level":"error","logId":"2e6d5912-0695-43c4-94a9-1196abec77b1","message":"E11000 duplicate key error collection: test.users index: phone_1 dup key: { phone: \"98032509\" }","timestamp":"Wed, 11 Jun 2025 18:02:19 GMT"}
{"label":"MongoServerError","level":"error","logId":"7f0a26ee-9b8c-498d-9dde-a002a055c73c","message":"E11000 duplicate key error collection: test.users index: phone_1 dup key: { phone: \"98032509\" }","timestamp":"Wed, 11 Jun 2025 18:02:23 GMT"}
{"label":"MongoServerError","level":"error","logId":"6937f2fc-ceb8-480c-8e87-e5068755dd8e","message":"E11000 duplicate key error collection: test.users index: phone_1 dup key: { phone: \"98032509\" }","timestamp":"Wed, 11 Jun 2025 18:03:07 GMT"}
{"label":"MongoServerError","level":"error","logId":"f4189810-29bc-41cc-8521-433b11a2a74b","message":"E11000 duplicate key error collection: test.users index: citizenshipNo_1 dup key: { citizenshipNo: \"98410589\" }","timestamp":"Wed, 11 Jun 2025 18:03:47 GMT"}
{"label":"MongoServerError","level":"error","logId":"5b618c34-1643-4740-9a90-e5bf7a3d5cf0","message":"E11000 duplicate key error collection: test.users index: citizenshipNo_1 dup key: { citizenshipNo: \"123\" }","timestamp":"Wed, 11 Jun 2025 18:04:53 GMT"}
{"label":"MongoServerError","level":"error","logId":"46eb0c72-fec8-4161-9969-d71f39af5022","message":"E11000 duplicate key error collection: test.users index: citizenshipNo_1 dup key: { citizenshipNo: \"123\" }","timestamp":"Wed, 11 Jun 2025 18:04:57 GMT"}
{"label":"MongoServerError","level":"error","logId":"aa7eb6c2-392e-431b-aa18-c2d911cafd2f","message":"E11000 duplicate key error collection: test.users index: citizenshipNo_1 dup key: { citizenshipNo: \"123\" }","timestamp":"Wed, 11 Jun 2025 18:04:58 GMT"}
{"label":"MongoServerError","level":"error","logId":"959c83a8-5258-408d-b370-0b0f6a4bca02","message":"E11000 duplicate key error collection: test.users index: citizenshipNo_1 dup key: { citizenshipNo: \"98410589\" }","timestamp":"Wed, 11 Jun 2025 18:05:32 GMT"}
{"label":"MongoServerError","level":"error","logId":"84ad5cf8-f533-44df-8798-16634613fa45","message":"E11000 duplicate key error collection: test.users index: citizenshipNo_1 dup key: { citizenshipNo: \"123\" }","timestamp":"Wed, 11 Jun 2025 18:05:58 GMT"}
{"label":"MongoServerError","level":"error","logId":"393ea589-8022-46d4-a51a-0cca731d440e","message":"E11000 duplicate key error collection: test.users index: citizenshipNo_1 dup key: { citizenshipNo: \"123\" }","timestamp":"Wed, 11 Jun 2025 18:06:05 GMT"}
{"label":"MongoServerError","level":"error","logId":"140ed1c5-0791-4da9-b2ed-56846bb31583","message":"E11000 duplicate key error collection: test.users index: citizenshipNo_1 dup key: { citizenshipNo: \"123\" }","timestamp":"Wed, 11 Jun 2025 18:11:01 GMT"}
{"label":"MongoServerError","level":"error","logId":"a54aff7a-629a-4920-8473-7392695e0799","message":"E11000 duplicate key error collection: test.users index: citizenshipNo_1 dup key: { citizenshipNo: \"123\" }","timestamp":"Wed, 11 Jun 2025 18:15:00 GMT"}
{"label":"MongoServerError","level":"error","logId":"f12d2a0a-7b78-4320-a9af-7a6d9c9d9cbe","message":"E11000 duplicate key error collection: test.users index: phone_1 dup key: { phone: \"9841032589\" }","timestamp":"Thu, 12 Jun 2025 00:01:24 GMT"}
{"label":"MongoServerError","level":"error","logId":"2050f11b-2d6f-4641-acef-eec05ac03aa7","message":"E11000 duplicate key error collection: test.users index: phone_1 dup key: { phone: \"9841032589\" }","timestamp":"Thu, 12 Jun 2025 00:04:53 GMT"}
{"label":"MongoServerError","level":"error","logId":"8cccbe3e-dc3e-4a23-a297-25c138975cae","message":"E11000 duplicate key error collection: test.users index: phone_1 dup key: { phone: \"9841032589\" }","timestamp":"Thu, 12 Jun 2025 00:05:09 GMT"}
{"label":"MongoServerError","level":"error","logId":"2f969c29-5794-4fff-ad1e-6afa178921d4","message":"E11000 duplicate key error collection: test.users index: phone_1 dup key: { phone: \"9841032589\" }","timestamp":"Thu, 12 Jun 2025 00:05:39 GMT"}
{"label":"MongoServerError","level":"error","logId":"27ac19a9-e01d-4e7f-953f-2e475bc87ff5","message":"E11000 duplicate key error collection: test.users index: phone_1 dup key: { phone: \"9841032589\" }","timestamp":"Thu, 12 Jun 2025 00:05:54 GMT"}
{"label":"MongoServerError","level":"error","logId":"6e240708-5f2f-4c47-999e-c93be2d84e13","message":"E11000 duplicate key error collection: test.users index: citizenshipNo_1 dup key: { citizenshipNo: \"123\" }","timestamp":"Thu, 12 Jun 2025 00:06:00 GMT"}
{"label":"MongoServerError","level":"error","logId":"7df53b2e-e50b-4db4-bb9a-9dd7039bdf8a","message":"E11000 duplicate key error collection: test.users index: citizenshipNo_1 dup key: { citizenshipNo: \"123\" }","timestamp":"Thu, 12 Jun 2025 00:06:03 GMT"}
{"label":"ReferenceError","level":"error","logId":"f2c8c7d8-9338-45e6-95e6-d5cb5ab1f17f","message":"data is not defined","timestamp":"Thu, 12 Jun 2025 00:06:07 GMT"}
{"label":"MongoServerSelectionError","level":"error","logId":"00d9ba80-2cae-47af-8514-43a072c9bdbd","message":"881F0000:error:0A000438:SSL routines:ssl3_read_bytes:tlsv1 alert internal error:c:\\ws\\deps\\openssl\\openssl\\ssl\\record\\rec_layer_s3.c:1605:SSL alert number 80\n","timestamp":"Thu, 12 Jun 2025 03:32:09 GMT"}
{"label":"MongoServerSelectionError","level":"error","logId":"95b7367c-bcb7-496e-ae71-0cbb884327c9","message":"881F0000:error:0A000438:SSL routines:ssl3_read_bytes:tlsv1 alert internal error:c:\\ws\\deps\\openssl\\openssl\\ssl\\record\\rec_layer_s3.c:1605:SSL alert number 80\n","timestamp":"Thu, 12 Jun 2025 03:38:01 GMT"}
{"label":"MongooseError","level":"error","logId":"68046b9c-89d6-4b81-bd0e-49ad9fe3f1ac","message":"Operation `users.findOne()` buffering timed out after 10000ms","timestamp":"Thu, 12 Jun 2025 03:39:21 GMT"}
{"label":"MongoServerError","level":"error","logId":"8207bc89-4ac2-470c-96bc-142fd8a3bc72","message":"E11000 duplicate key error collection: test.users index: phone_1 dup key: { phone: \"9841032589\" }","timestamp":"Thu, 12 Jun 2025 03:41:07 GMT"}
{"label":"MongoServerError","level":"error","logId":"cfa6522c-ba48-4d63-b7ec-c9fafb575238","message":"E11000 duplicate key error collection: test.users index: citizenshipNo_1 dup key: { citizenshipNo: \"123\" }","timestamp":"Thu, 12 Jun 2025 03:41:39 GMT"}
{"label":"MongoServerError","level":"error","logId":"88792a8e-6ad9-48df-817f-c046f097029d","message":"E11000 duplicate key error collection: test.users index: citizenshipNo_1 dup key: { citizenshipNo: \"123\" }","timestamp":"Thu, 12 Jun 2025 03:42:10 GMT"}
{"label":"MongoServerError","level":"error","logId":"99346ac2-f960-4d60-b476-4ff5fb49535e","message":"E11000 duplicate key error collection: test.users index: citizenshipNo_1 dup key: { citizenshipNo: \"123\" }","timestamp":"Thu, 12 Jun 2025 03:50:55 GMT"}
